{
  "RSpec": {
    "coverage": {
      "/Users/davidfisher/Code/battle/spec/battle/array_spec.rb": [
        1,
        1,
        null,
        1,
        null,
        1,
        null,
        null,
        2,
        20,
        null,
        null,
        2,
        null,
        null,
        null,
        null,
        2,
        null,
        null,
        null,
        null,
        null,
        null,
        null,
        2,
        null,
        null,
        null,
        null,
        null,
        null,
        null,
        null,
        null,
        null,
        null,
        null,
        null,
        2,
        null,
        null,
        null,
        null,
        null,
        null,
        null,
        null,
        null,
        null,
        null,
        null,
        null,
        1,
        1,
        1,
        1,
        1,
        1,
        null,
        null,
        null,
        null,
        1,
        1,
        1,
        110,
        null,
        1,
        null,
        null,
        null,
        null
      ],
      "/Users/davidfisher/Code/battle/lib/battle.rb": [
        1,
        1,
        null,
        1,
        1,
        1,
        1,
        1,
        1,
        1,
        1,
        1
      ],
      "/Users/davidfisher/Code/battle/lib/battle/array.rb": [
        null,
        1,
        1,
        3,
        11,
        43,
        null,
        null,
        null,
        null,
        null,
        1,
        1,
        1,
        null,
        null,
        1,
        3,
        9,
        null,
        null,
        null,
        null,
        1,
        null,
        null
      ],
      "/Users/davidfisher/Code/battle/lib/battle/troop.rb": [
        null,
        null,
        1,
        1,
        null,
        null,
        null,
        null,
        null,
        null,
        null,
        null,
        1,
        0,
        0,
        0,
        0,
        0,
        0,
        0,
        0,
        0,
        null,
        null,
        1,
        0,
        null,
        null,
        null,
        null,
        1,
        null,
        null
      ],
      "/Users/davidfisher/Code/battle/lib/battle/soldier.rb": [
        null,
        null,
        1,
        1,
        0,
        null,
        null
      ],
      "/Users/davidfisher/Code/battle/lib/battle/scout.rb": [
        null,
        null,
        1,
        1,
        0,
        null,
        null
      ],
      "/Users/davidfisher/Code/battle/lib/battle/location.rb": [
        null,
        null,
        null,
        1,
        1,
        0,
        null,
        null,
        1,
        0,
        null,
        null
      ],
      "/Users/davidfisher/Code/battle/lib/battle/world.rb": [
        null,
        null,
        1,
        1,
        null,
        1,
        1,
        null,
        1,
        0,
        null,
        null,
        null,
        1,
        0,
        0,
        null,
        null,
        null,
        1,
        null,
        1,
        0,
        0,
        null,
        null,
        null
      ],
      "/Users/davidfisher/Code/battle/lib/battle/camp.rb": [
        null,
        null,
        null,
        1,
        1,
        1,
        1,
        null,
        null,
        null,
        null,
        null,
        1,
        0,
        0,
        null,
        null,
        1,
        0,
        null,
        null
      ],
      "/Users/davidfisher/Code/battle/lib/battle/player.rb": [
        null,
        null,
        1,
        1,
        null,
        1,
        1,
        null,
        1,
        0,
        0,
        0,
        0,
        null,
        null,
        1,
        null,
        null,
        null,
        0,
        null,
        null,
        1,
        0,
        null,
        null,
        1,
        null,
        null,
        1,
        null,
        0,
        0,
        null,
        null,
        null,
        0,
        0,
        0,
        0,
        null,
        null,
        null,
        1,
        0,
        null,
        null,
        1,
        null,
        1,
        0,
        null,
        null,
        1,
        0,
        0,
        null,
        0,
        0,
        null,
        null,
        null
      ],
      "/Users/davidfisher/Code/battle/lib/battle/game.rb": [
        null,
        null,
        null,
        1,
        1,
        1,
        null,
        1,
        null,
        1,
        0,
        0,
        0,
        0,
        0,
        null,
        null,
        null,
        1,
        null,
        1,
        0,
        0,
        0,
        0,
        0,
        null,
        null,
        1,
        0,
        0,
        null,
        null,
        1,
        0,
        null,
        null,
        null,
        null,
        null,
        1,
        0,
        null,
        null,
        null
      ],
      "/Users/davidfisher/Code/battle/spec/battle/game_spec.rb": [
        1,
        1,
        null,
        1,
        1,
        null,
        null,
        1,
        null,
        null,
        null
      ],
      "/Users/davidfisher/Code/battle/spec/battle/player_spec.rb": [

      ]
    },
    "timestamp": 1419614934
  }
}
