{
  "RSpec": {
    "coverage": {
      "/Users/davidfisher/Code/battle/spec/battle/array_spec.rb": [
        1,
        1,
        null,
        1,
        null,
        1,
        null,
        null,
        2,
        20,
        null,
        null,
        2,
        null,
        null,
        null,
        null,
        null,
        2,
        null,
        null,
        null,
        null,
        null,
        null,
        null,
        2,
        null,
        null,
        null,
        null,
        null,
        null,
        null,
        null,
        null,
        null,
        null,
        null,
        null,
        1,
        1,
        1,
        1,
        1,
        1,
        null,
        null,
        null,
        null,
        1,
        1,
        1,
        110,
        null,
        1,
        null,
        null,
        null,
        null
      ],
      "/Users/davidfisher/Code/battle/lib/battle.rb": [
        null,
        1,
        null,
        1,
        1,
        1,
        1,
        1,
        1,
        1,
        1,
        1,
        1
      ],
      "/Users/davidfisher/Code/battle/lib/battle/array.rb": [
        null,
        1,
        1,
        4,
        14,
        52,
        null,
        null,
        null,
        null,
        null,
        1,
        null,
        2,
        2,
        null,
        null,
        2,
        6,
        18,
        null,
        null,
        null,
        null,
        2,
        null,
        null,
        null,
        null
      ],
      "/Users/davidfisher/Code/battle/lib/battle/not_random.rb": [
        null,
        1,
        1,
        1,
        null,
        null
      ],
      "/Users/davidfisher/Code/battle/lib/battle/troop.rb": [
        null,
        null,
        1,
        1,
        null,
        null,
        null,
        null,
        null,
        null,
        null,
        null,
        null,
        null,
        1,
        8,
        8,
        8,
        8,
        8,
        8,
        8,
        8,
        8,
        8,
        null,
        null,
        1,
        1,
        null,
        null,
        null,
        null,
        1,
        2,
        2,
        2,
        null,
        null,
        1,
        2,
        null,
        null,
        null,
        null,
        null,
        1,
        1,
        null,
        null
      ],
      "/Users/davidfisher/Code/battle/lib/battle/soldier.rb": [
        null,
        null,
        1,
        1,
        1,
        null,
        null
      ],
      "/Users/davidfisher/Code/battle/lib/battle/scout.rb": [
        null,
        null,
        1,
        1,
        1,
        null,
        null
      ],
      "/Users/davidfisher/Code/battle/lib/battle/location.rb": [
        null,
        null,
        null,
        1,
        null,
        1,
        1400,
        null,
        null,
        1,
        0,
        null,
        null
      ],
      "/Users/davidfisher/Code/battle/lib/battle/world.rb": [
        null,
        null,
        1,
        1,
        null,
        1,
        1,
        null,
        1,
        14,
        null,
        null,
        1,
        0,
        0,
        null,
        null,
        null,
        1,
        0,
        0,
        null,
        null,
        1,
        null,
        1,
        14,
        1540,
        null,
        null,
        null
      ],
      "/Users/davidfisher/Code/battle/lib/battle/camp.rb": [
        null,
        null,
        null,
        1,
        1,
        1,
        1,
        null,
        null,
        null,
        null,
        null,
        1,
        0,
        0,
        null,
        null,
        1,
        0,
        null,
        null
      ],
      "/Users/davidfisher/Code/battle/lib/battle/player.rb": [
        null,
        null,
        1,
        1,
        null,
        1,
        1,
        null,
        1,
        0,
        0,
        0,
        0,
        null,
        null,
        1,
        null,
        null,
        null,
        0,
        null,
        null,
        1,
        0,
        null,
        null,
        1,
        0,
        null,
        0,
        null,
        null,
        null,
        1,
        null,
        0,
        0,
        null,
        null,
        0,
        0,
        null,
        0,
        0,
        null,
        null,
        null,
        1,
        0,
        null,
        null,
        1,
        null,
        1,
        0,
        null,
        null,
        1,
        0,
        0,
        null,
        0,
        0,
        null,
        null,
        null
      ],
      "/Users/davidfisher/Code/battle/lib/battle/game.rb": [
        null,
        null,
        null,
        1,
        1,
        1,
        null,
        1,
        null,
        1,
        0,
        0,
        0,
        0,
        0,
        null,
        null,
        null,
        1,
        null,
        1,
        0,
        0,
        0,
        0,
        0,
        0,
        null,
        null,
        1,
        0,
        0,
        null,
        null,
        1,
        0,
        null,
        0,
        0,
        0,
        0,
        0,
        null,
        null,
        0,
        0,
        0,
        0,
        0,
        0,
        null,
        null,
        null,
        1,
        0,
        0,
        null,
        null,
        0,
        0,
        0,
        null,
        0,
        0,
        null,
        0,
        0,
        null,
        0,
        0,
        null,
        0,
        0,
        null,
        null,
        null,
        null,
        null,
        null
      ],
      "/Users/davidfisher/Code/battle/spec/battle/game_spec.rb": [
        1,
        1,
        null,
        1,
        1,
        null,
        null,
        1,
        null,
        null,
        null
      ],
      "/Users/davidfisher/Code/battle/spec/battle/not_random_spec.rb": [
        1,
        1,
        null,
        1,
        1,
        1,
        1,
        null,
        null,
        null
      ],
      "/Users/davidfisher/Code/battle/spec/battle/player_spec.rb": [

      ],
      "/Users/davidfisher/Code/battle/spec/battle/scout_spec.rb": [
        1,
        1,
        null,
        1,
        1,
        1,
        1,
        1,
        null,
        1,
        1,
        1,
        1,
        1,
        1,
        1,
        1,
        1,
        1,
        null,
        null,
        null
      ],
      "/Users/davidfisher/Code/battle/spec/battle/soldier_spec.rb": [
        1,
        1,
        null,
        1,
        1,
        1,
        1,
        1,
        null,
        1,
        1,
        1,
        1,
        1,
        1,
        1,
        1,
        1,
        1,
        null,
        null,
        null
      ],
      "/Users/davidfisher/Code/battle/spec/battle/troop_spec.rb": [
        1,
        1,
        null,
        1,
        1,
        6,
        6,
        6,
        6,
        null,
        1,
        1,
        1,
        1,
        1,
        1,
        1,
        1,
        1,
        1,
        null,
        null,
        null,
        1,
        1,
        1,
        null,
        null,
        null,
        null,
        null,
        null,
        null,
        1,
        1,
        1,
        1,
        1,
        1,
        1,
        null,
        1,
        1,
        null,
        null,
        null,
        1,
        1,
        1,
        1,
        1,
        null,
        null,
        null,
        1,
        1,
        1,
        null,
        null,
        null
      ]
    },
    "timestamp": 1419642597
  }
}
